<?xml version="1.0" encoding="UTF-8"?>
<!-- Generated by org.testng.reporters.JUnitReportReporter -->
<testsuite hostname="Shivanand-Jadhav" failures="0" tests="2" name="com.altos.Test_cases.Test_Add_Task" time="75.678" errors="0" timestamp="2023-07-03T22:00:44 IST" skipped="0">
  <testcase classname="com.altos.Test_cases.Test_Add_Task" name="loginAltos_TL" time="4.721"/>
  <system-out/>
  <testcase classname="com.altos.Test_cases.Test_Add_Task" name="Add_Task" time="70.957"/>
  <system-out/>
</testsuite> <!-- com.altos.Test_cases.Test_Add_Task -->
