<?xml version="1.0" encoding="UTF-8"?>
<!-- Generated by org.testng.reporters.JUnitReportReporter -->
<testsuite hostname="Shivanand-Jadhav" failures="0" tests="2" name="com.altos.Test_cases.TestAdd_WorkItem" time="45.191" errors="0" timestamp="2023-07-03T22:00:44 IST" skipped="0">
  <testcase classname="com.altos.Test_cases.TestAdd_WorkItem" name="loginAltos_TL" time="5.710"/>
  <system-out/>
  <testcase classname="com.altos.Test_cases.TestAdd_WorkItem" name="Add_workItem" time="39.481"/>
  <system-out/>
</testsuite> <!-- com.altos.Test_cases.TestAdd_WorkItem -->
