<?xml version="1.0" encoding="UTF-8"?>
<!-- Generated by org.testng.reporters.JUnitReportReporter -->
<testsuite hostname="Shivanand-Jadhav" failures="0" tests="2" name="com.altos.Test_cases.Test_Create_Job_On_JobPage" time="44.879" errors="0" timestamp="2023-07-03T22:00:44 IST" skipped="0">
  <testcase classname="com.altos.Test_cases.Test_Create_Job_On_JobPage" name="loginApp" time="4.720"/>
  <system-out/>
  <testcase classname="com.altos.Test_cases.Test_Create_Job_On_JobPage" name="Create_job_onJobPage" time="40.159"/>
  <system-out/>
</testsuite> <!-- com.altos.Test_cases.Test_Create_Job_On_JobPage -->
