<?xml version="1.0" encoding="UTF-8"?>
<!-- Generated by org.testng.reporters.JUnitReportReporter -->
<testsuite hostname="Shivanand-Jadhav" failures="0" tests="1" name="com.altos.Test_cases.Test_CreateTask_Sorter" time="35.386" errors="0" timestamp="2023-07-03T22:00:44 IST" skipped="0">
  <testcase classname="com.altos.Test_cases.Test_CreateTask_Sorter" name="CreatTask_Sorter" time="35.386"/>
  <system-out/>
</testsuite> <!-- com.altos.Test_cases.Test_CreateTask_Sorter -->
