<?xml version="1.0" encoding="UTF-8"?>
<!-- Generated by org.testng.reporters.JUnitReportReporter -->
<testsuite hostname="Abhishek-kumar-shukla" failures="0" tests="2" name="com.altos.Test_cases.Test_Create_Job_On_JobPage" time="42.502" errors="0" timestamp="2023-07-14T14:20:38 IST" skipped="0">
  <testcase classname="com.altos.Test_cases.Test_Create_Job_On_JobPage" name="Create_job_onJobPage" time="37.424"/>
  <system-out/>
  <testcase classname="com.altos.Test_cases.Test_Create_Job_On_JobPage" name="loginApp" time="5.078"/>
  <system-out/>
</testsuite> <!-- com.altos.Test_cases.Test_Create_Job_On_JobPage -->
