<?xml version="1.0" encoding="UTF-8"?>
<!-- Generated by org.testng.reporters.JUnitReportReporter -->
<testsuite hostname="Shivanand-Jadhav" failures="0" tests="2" name="com.altos.Test_cases.TestAdd_WorkItem" time="41.372" errors="0" timestamp="2023-07-03T21:41:19 IST" skipped="0">
  <testcase classname="com.altos.Test_cases.TestAdd_WorkItem" name="Add_workItem" time="37.384"/>
  <system-out/>
  <testcase classname="com.altos.Test_cases.TestAdd_WorkItem" name="loginAltos_TL" time="3.988"/>
  <system-out/>
</testsuite> <!-- com.altos.Test_cases.TestAdd_WorkItem -->
