<?xml version="1.0" encoding="UTF-8"?>
<!-- Generated by org.testng.reporters.JUnitReportReporter -->
<testsuite hostname="Shivanand-Jadhav" failures="0" tests="1" name="com.altos.Test_cases.Test_CompleteTask_SorteTest" time="21.532" errors="0" timestamp="2023-07-03T21:49:34 IST" skipped="0">
  <testcase classname="com.altos.Test_cases.Test_CompleteTask_SorteTest" name="CompleteTask_Sorter" time="21.532"/>
  <system-out/>
</testsuite> <!-- com.altos.Test_cases.Test_CompleteTask_SorteTest -->
